# JRE version: Java(TM) SE Runtime Environment (11.0.4+10) (build 11.0.4+10-LTS)
# Java VM: Java HotSpot(TM) 64-Bit Server VM (11.0.4+10-LTS, mixed mode, tiered, compressed oops, g1 gc, windows-amd64)
Heap:
 garbage-first heap   total 157696K, used 73117K [0x0000000081c00000, 0x0000000100000000)
  region size 1024K, 61 young (62464K), 6 survivors (6144K)
 Metaspace       used 57463K, capacity 58830K, committed 58880K, reserved 1099776K
  class space    used 7383K, capacity 7922K, committed 7936K, reserved 1048576K
GC Heap History (10 events):
Event: 2.673 GC heap before
{Heap before GC invocations=6 (full 0):
 garbage-first heap   total 131072K, used 64853K [0x0000000081c00000, 0x0000000100000000)
  region size 1024K, 59 young (60416K), 3 survivors (3072K)
 Metaspace       used 25813K, capacity 26364K, committed 26624K, reserved 1073152K
  class space    used 2997K, capacity 3207K, committed 3328K, reserved 1048576K
}
Event: 2.679 GC heap after
{Heap after GC invocations=7 (full 0):
 garbage-first heap   total 131072K, used 9648K [0x0000000081c00000, 0x0000000100000000)
  region size 1024K, 4 young (4096K), 4 survivors (4096K)
 Metaspace       used 25813K, capacity 26364K, committed 26624K, reserved 1073152K
  class space    used 2997K, capacity 3207K, committed 3328K, reserved 1048576K
}
Event: 5.448 GC heap before
{Heap before GC invocations=7 (full 0):
 garbage-first heap   total 131072K, used 82352K [0x0000000081c00000, 0x0000000100000000)
  region size 1024K, 76 young (77824K), 4 survivors (4096K)
 Metaspace       used 32211K, capacity 33099K, committed 33408K, reserved 1079296K
  class space    used 3808K, capacity 4129K, committed 4224K, reserved 1048576K
}
Event: 5.458 GC heap after
{Heap after GC invocations=8 (full 0):
 garbage-first heap   total 157696K, used 12051K [0x0000000081c00000, 0x0000000100000000)
  region size 1024K, 6 young (6144K), 6 survivors (6144K)
 Metaspace       used 32211K, capacity 33099K, committed 33408K, reserved 1079296K
  class space    used 3808K, capacity 4129K, committed 4224K, reserved 1048576K
}
Event: 6.206 GC heap before
{Heap before GC invocations=8 (full 0):
 garbage-first heap   total 157696K, used 26387K [0x0000000081c00000, 0x0000000100000000)
  region size 1024K, 21 young (21504K), 6 survivors (6144K)
 Metaspace       used 34501K, capacity 35468K, committed 35584K, reserved 1081344K
  class space    used 4148K, capacity 4536K, committed 4608K, reserved 1048576K
}
Event: 6.228 GC heap after
{Heap after GC invocations=9 (full 0):
 garbage-first heap   total 157696K, used 13752K [0x0000000081c00000, 0x0000000100000000)
  region size 1024K, 6 young (6144K), 6 survivors (6144K)
 Metaspace       used 34501K, capacity 35468K, committed 35584K, reserved 1081344K
  class space    used 4148K, capacity 4536K, committed 4608K, reserved 1048576K
}
Event: 7.364 GC heap before
{Heap before GC invocations=10 (full 0):
 garbage-first heap   total 157696K, used 82360K [0x0000000081c00000, 0x0000000100000000)
  region size 1024K, 74 young (75776K), 6 survivors (6144K)
 Metaspace       used 36790K, capacity 37870K, committed 38144K, reserved 1083392K
  class space    used 4378K, capacity 4781K, committed 4864K, reserved 1048576K
}
Event: 7.373 GC heap after
{Heap after GC invocations=11 (full 0):
 garbage-first heap   total 157696K, used 15059K [0x0000000081c00000, 0x0000000100000000)
  region size 1024K, 7 young (7168K), 7 survivors (7168K)
 Metaspace       used 36790K, capacity 37870K, committed 38144K, reserved 1083392K
  class space    used 4378K, capacity 4781K, committed 4864K, reserved 1048576K
}
Event: 10.603 GC heap before
{Heap before GC invocations=11 (full 0):
 garbage-first heap   total 157696K, used 87763K [0x0000000081c00000, 0x0000000100000000)
  region size 1024K, 79 young (80896K), 7 survivors (7168K)
 Metaspace       used 47933K, capacity 48997K, committed 49280K, reserved 1091584K
  class space    used 5999K, capacity 6420K, committed 6528K, reserved 1048576K
}
Event: 10.615 GC heap after
{Heap after GC invocations=12 (full 0):
 garbage-first heap   total 157696K, used 17821K [0x0000000081c00000, 0x0000000100000000)
  region size 1024K, 6 young (6144K), 6 survivors (6144K)
 Metaspace       used 47933K, capacity 48997K, committed 49280K, reserved 1091584K
  class space    used 5999K, capacity 6420K, committed 6528K, reserved 1048576K
}

